<?xml version="1.0" encoding="UTF-8"?>
<!-- Generated by org.testng.reporters.JUnitXMLReporter -->
<testsuite ignored="0" hostname="IBM-PF3XPG6J" failures="0" tests="6" name="groupingTest" time="27.033" errors="0" timestamp="2024-10-11T13:23:28 IST">
  <testcase classname="learntestNG.Demo1" name="openGoogle" time="2.31"/>
  <testcase classname="learntestNG.Demo" name="openapp" time="5.858"/>
  <testcase classname="learntestNG.Demo" name="logocheck" time="0.033"/>
  <testcase classname="learntestNG.Demo" name="login" time="4.238"/>
  <testcase classname="learntestNG.Demo2" name="m3" time="12.224"/>
  <testcase classname="learntestNG.Demo" name="logout" time="8.162"/>
</testsuite> <!-- groupingTest -->
